<?xml version="1.0" encoding="UTF-8"?>
<con:loadUiTest name="Test Case 1 LoadTest" id="a95c5a24-2392-41a3-a0bf-dad837d24da0" xmlns:con="http://eviware.com/soapui/config">
  <con:settings>
    <con:setting id="soapUIObjectSourceId">c484f403-6cf1-4e13-bb7a-9056ac9815d4</con:setting>
    <con:setting id="soapUIObjectSourceType">soapUIObjectSourceType_TestCase</con:setting>
    <con:setting id="a95c5a24-2392-41a3-a0bf-dad837d24da0fileName">Test-Case-1-LoadTest</con:setting>
  </con:settings>
  <con1:loadui-project id="8ead1bf2-1f2a-4519-8666-b558d5a649cb" label="Test Case 1 LoadTest" xmlns:con1="http://eviware.com/loadui/config">
    <con1:properties>
      <con1:property propagates="true" key="ModelItem.description" type="java.lang.String"/>
      <con1:property propagates="true" key="CanvasItem.abortOnFinish" type="java.lang.Boolean">false</con1:property>
      <con1:property propagates="true" key="ModelItem.saveReport" type="java.lang.Boolean">false</con1:property>
      <con1:property propagates="true" key="ModelItem.reportFolder" type="java.lang.String"/>
      <con1:property propagates="true" key="ModelItem.reportFormat" type="java.lang.String"/>
      <con1:property propagates="true" key="Temporary project" type="java.lang.String"/>
      <con1:property propagates="true" key="ModelItem.rate" type="java.lang.Long">10</con1:property>
      <con1:property propagates="true" key="ModelItem.loadDistributionType" type="com.smartbear.load.facade.LoadDistributionType">PerScenario</con1:property>
      <con1:property propagates="true" key="ModelItem.remoteMode" type="java.lang.String"/>
      <con1:property propagates="true" key="ModelItem.id" type="java.lang.String">a95c5a24-2392-41a3-a0bf-dad837d24da0</con1:property>
    </con1:properties>
    <con1:attributes/>
    <con1:addons/>
    <con1:scene label="New Scenario" id="c76eff8c-c5ae-44f6-ba00-be2db5de2d6e">
      <con1:properties>
        <con1:property propagates="true" key="ModelItem.description" type="java.lang.String"/>
        <con1:property propagates="true" key="CanvasItem.abortOnFinish" type="java.lang.Boolean">false</con1:property>
        <con1:property propagates="true" key="SceneItem.followProject" type="java.lang.Boolean">true</con1:property>
        <con1:property propagates="true" key="SceneItem.scenarioRatePercentage" type="java.lang.Long">100</con1:property>
        <con1:property propagates="true" key="SceneItem.scenarioRateSpecific" type="java.lang.Long">10</con1:property>
        <con1:property propagates="true" key="ModelItem.samplerOutputLevel" type="com.eviware.loadui.api.component.SoapUISamplerOutputLevel">TestCaseAndAllTestSteps</con1:property>
      </con1:properties>
      <con1:attributes/>
      <con1:addons/>
      <con1:component type="com.eviware.loadui.impl.component.IntervalComponent" label="Interval 1" id="f3693056-cd16-4fae-8e8e-78af14fbebce" category="Scheduler">
        <con1:properties>
          <con1:property propagates="true" key="ModelItem.description" type="java.lang.String"/>
          <con1:property propagates="true" key="stateProperty" type="java.lang.Boolean">true</con1:property>
          <con1:property propagates="true" key="startAt" type="java.lang.Long">0</con1:property>
          <con1:property propagates="true" key="duration" type="java.lang.Long">5</con1:property>
          <con1:property propagates="true" key="unit" type="java.lang.String">Sec</con1:property>
          <con1:property propagates="true" key="mode" type="java.lang.String">Single</con1:property>
          <con1:property propagates="true" key="defaultMode" type="java.lang.Boolean">true</con1:property>
        </con1:properties>
        <con1:attributes>
          <con1:property key="com.eviware.loadui.api.model.ComponentItem@type">Interval</con1:property>
        </con1:attributes>
        <con1:addons/>
      </con1:component>
      <con1:component type="com.eviware.loadui.impl.component.generators.FixedVU" label="Fixed Load 1" id="ee97d318-c0b4-4c80-a2eb-0b9cc5ce3e3a" category="Generators">
        <con1:properties>
          <con1:property propagates="true" key="ModelItem.description" type="java.lang.String"/>
          <con1:property propagates="true" key="stateProperty" type="java.lang.Boolean">true</con1:property>
          <con1:property propagates="true" key="limitVU" type="java.lang.Long">100</con1:property>
          <con1:property propagates="true" key="load" type="java.lang.Long">5</con1:property>
          <con1:property propagates="true" key="interval" type="java.lang.Long">1000</con1:property>
        </con1:properties>
        <con1:attributes>
          <con1:property key="com.eviware.loadui.api.model.ComponentItem@type">Fixed Load</con1:property>
        </con1:attributes>
        <con1:addons/>
      </con1:component>
      <con1:component type="com.eviware.loadui.components.soapui.SoapUISamplerComponent" label="Test Suite 1:Test Case 1" id="c60c973b-8626-4f73-aedb-54d5cca5db2e" category="Runners">
        <con1:properties>
          <con1:property propagates="true" key="ModelItem.description" type="java.lang.String"/>
          <con1:property propagates="true" key="concurrentSamples" type="java.lang.Long">1000</con1:property>
          <con1:property propagates="true" key="property_name_is_not_relevant_for_private_property" type="java.lang.Long">9223372036854775807</con1:property>
          <con1:property propagates="true" key="maxQueueSize" type="java.lang.Long">1000</con1:property>
          <con1:property propagates="true" key="countDiscarded" type="java.lang.Boolean">false</con1:property>
          <con1:property propagates="true" key="disabledTestSteps" type="java.lang.String"/>
          <con1:property propagates="true" key="_thinkTime" type="java.lang.Long">0</con1:property>
          <con1:property propagates="true" key="ReadyApiTestCase" type="com.eviware.soapui.impl.wsdl.testcase.WsdlTestCase">c484f403-6cf1-4e13-bb7a-9056ac9815d4</con1:property>
          <con1:property propagates="true" key="raiseError" type="java.lang.Boolean">true</con1:property>
          <con1:property propagates="true" key="outputTestCaseProperties" type="java.lang.Boolean">true</con1:property>
          <con1:property propagates="true" key="OutputLevel" type="java.lang.String">TestCase only</con1:property>
          <con1:property propagates="true" key="closeConnectionsAfterRequest" type="java.lang.Boolean">false</con1:property>
          <con1:property propagates="true" key="disableSoapuiAssertions" type="java.lang.Boolean">false</con1:property>
          <con1:property propagates="true" key="forceShareDatasources" type="java.lang.Boolean">true</con1:property>
        </con1:properties>
        <con1:attributes>
          <con1:property key="com.eviware.loadui.api.model.ComponentItem@type">Ready API TestCase Runner</con1:property>
        </con1:attributes>
        <con1:addons/>
      </con1:component>
      <con1:connection outputTerminalId="f3693056-cd16-4fae-8e8e-78af14fbebce/outgoingTerminal" inputTerminalId="ee97d318-c0b4-4c80-a2eb-0b9cc5ce3e3a/stateTerminal"/>
      <con1:connection outputTerminalId="ee97d318-c0b4-4c80-a2eb-0b9cc5ce3e3a/triggerTerminal" inputTerminalId="c60c973b-8626-4f73-aedb-54d5cca5db2e/triggerTerminal"/>
      <con1:connection outputTerminalId="c60c973b-8626-4f73-aedb-54d5cca5db2e/runningTerminal" inputTerminalId="ee97d318-c0b4-4c80-a2eb-0b9cc5ce3e3a/Sample Count"/>
    </con1:scene>
    <con1:statistics>
      <con1:page title="DefaultLoadUIStatisticPage">
        <con1:chartGroup type="com.eviware.loadui.api.statistics.model.chart.line.LineChartView" title="" groupType="Monitors">
          <con1:attributes>
            <con1:property key="GroupId">2b6cb7ef-7eaa-4415-868f-4b42a5169848</con1:property>
          </con1:attributes>
        </con1:chartGroup>
      </con1:page>
    </con1:statistics>
  </con1:loadui-project>
  <con:loadUITestScenario projectId="8ead1bf2-1f2a-4519-8666-b558d5a649cb" scenarioId="c76eff8c-c5ae-44f6-ba00-be2db5de2d6e" name="New Scenario" id="70d0a887-500c-4ebe-ab93-9997f8261892">
    <con:settings/>
  </con:loadUITestScenario>
  <con:loadUIPanelData id="065955aa-d683-49d6-9972-9d55bf8eda40">
    <con:panel>Log</con:panel>
  </con:loadUIPanelData>
  <con:reportParameters/>
</con:loadUiTest>
