<?xml version="1.0" encoding="UTF-8"?>
<con:testCase id="c484f403-6cf1-4e13-bb7a-9056ac9815d4" discardOkResults="false" failOnError="true" failTestCaseOnErrors="true" keepSession="false" name="Test Case 1" searchProperties="true" timeout="0" xmlns:con="http://eviware.com/soapui/config">
  <con:settings>
    <con:setting id="c484f403-6cf1-4e13-bb7a-9056ac9815d4fileName">Test-Case-1</con:setting>
  </con:settings>
  <con:testStep type="restrequest" name="REST Request" id="5aaa65f7-59ad-4f9d-b426-7490c161acbc">
    <con:settings/>
    <con:config service="FalconLogin" resourcePath="/api/MobileUserManagement/Login" methodName="Method 1" xsi:type="con:RestRequestStep" xmlns:xsi="http://www.w3.org/2001/XMLSchema-instance">
      <con:restRequest name="REST Request" id="d5b560a1-d248-4cc6-8f68-cc2f70ecdafa" mediaType="application/json" postQueryString="false">
        <con:settings>
          <con:setting id="com.eviware.soapui.impl.wsdl.WsdlRequest@request-headers">&lt;xml-fragment/></con:setting>
        </con:settings>
        <con:endpoint>http://dev-falconservice.carlstahl.ae</con:endpoint>
        <con:request>{
"Username":"ram",
"Password":"carlstahl@55"
}</con:request>
        <con:originalUri>http://dev-falconservice.carlstahl.ae/api/MobileUserManagement/Login</con:originalUri>
        <con:assertion type="Valid HTTP Status Codes" id="c3db56e1-8306-4d2d-a93c-b6d31267e05d" name="Valid HTTP Status Codes">
          <con:settings/>
          <con:configuration>
            <codes>200</codes>
          </con:configuration>
        </con:assertion>
        <con:credentials>
          <con:selectedAuthProfile>No Authorization</con:selectedAuthProfile>
          <con:authType>No Authorization</con:authType>
        </con:credentials>
        <con:jmsConfig JMSDeliveryMode="PERSISTENT"/>
        <con:parameters/>
        <con:parameterOrder/>
      </con:restRequest>
    </con:config>
  </con:testStep>
  <con:properties/>
  <con:reportParameters/>
</con:testCase>
